<?xml version="1.0" encoding="UTF-8"?>
<testsuite name="Matrix" tests="4" skipped="0" failures="0" errors="0" timestamp="2021-02-08T12:53:08" hostname="LAPTOP-TN3TRGRU" time="0.716">
  <properties/>
  <testcase name="Determinant" classname="Matrix" time="0.687"/>
  <testcase name="Transpose" classname="Matrix" time="0.013"/>
  <testcase name="Inverse" classname="Matrix" time="0.009"/>
  <testcase name="Cofactor" classname="Matrix" time="0.007"/>
  <system-out><![CDATA[]]></system-out>
  <system-err><![CDATA[]]></system-err>
</testsuite>
