<?xml version="1.0" encoding="UTF-8"?>
<testsuite name="Matrix" tests="4" skipped="0" failures="0" errors="0" timestamp="2021-03-28T21:34:18" hostname="LAPTOP-TN3TRGRU" time="0.69">
  <properties/>
  <testcase name="Determinant" classname="Matrix" time="0.656"/>
  <testcase name="Transpose" classname="Matrix" time="0.015"/>
  <testcase name="Inverse" classname="Matrix" time="0.01"/>
  <testcase name="Cofactor" classname="Matrix" time="0.008"/>
  <system-out><![CDATA[]]></system-out>
  <system-err><![CDATA[]]></system-err>
</testsuite>
